<?xml version="1.0" encoding="UTF-8"?>
<!-- Generated by org.testng.reporters.JUnitReportReporter -->
<testsuite skipped="0" hostname="DESKTOP-V9DRMMS" name="demoTestNG.FrameWindowSwitchCases" tests="1" failures="0" timestamp="21 Jul 2022 16:18:57 GMT" time="10.367" errors="0">
  <testcase name="testGoogle" time="10.367" classname="demoTestNG.FrameWindowSwitchCases"/>
</testsuite> <!-- demoTestNG.FrameWindowSwitchCases -->
