<?xml version="1.0" encoding="UTF-8"?>
<!-- Generated by org.testng.reporters.JUnitReportReporter -->
<testsuite skipped="0" hostname="DESKTOP-V9DRMMS" name="demoTestNG.DragDropCases" tests="1" failures="0" timestamp="21 Jul 2022 16:18:57 GMT" time="13.132" errors="0">
  <testcase name="dragDropFeatureAutomation" time="13.132" classname="demoTestNG.DragDropCases"/>
</testsuite> <!-- demoTestNG.DragDropCases -->
