<?xml version="1.0" encoding="UTF-8"?>
<!-- Generated by org.testng.reporters.JUnitReportReporter -->
<testsuite skipped="0" hostname="DESKTOP-V9DRMMS" name="demoTestNG.DragDrop" tests="1" failures="0" timestamp="21 Jul 2022 14:33:58 GMT" time="13.067" errors="0">
  <testcase name="dragDropFeatureAutomation" time="13.067" classname="demoTestNG.DragDrop"/>
</testsuite> <!-- demoTestNG.DragDrop -->
