<?xml version="1.0" encoding="UTF-8"?>
<!-- Generated by org.testng.reporters.JUnitReportReporter -->
<testsuite skipped="0" hostname="DESKTOP-V9DRMMS" name="demoTestNG.NewTest1" tests="1" failures="0" timestamp="21 Jul 2022 13:45:37 GMT" time="13.687" errors="0">
  <testcase name="testGoogle" time="13.687" classname="demoTestNG.NewTest1"/>
</testsuite> <!-- demoTestNG.NewTest1 -->
