<?xml version="1.0" encoding="UTF-8"?>
<!-- Generated by org.testng.reporters.JUnitReportReporter -->
<testsuite skipped="0" hostname="DESKTOP-V9DRMMS" name="demoTestNG.AlertPopUps" tests="1" failures="0" timestamp="21 Jul 2022 15:57:50 GMT" time="8.945" errors="0">
  <testcase name="testAlertPopups" time="8.945" classname="demoTestNG.AlertPopUps"/>
</testsuite> <!-- demoTestNG.AlertPopUps -->
