<?xml version="1.0" encoding="UTF-8"?>
<!-- Generated by org.testng.reporters.JUnitReportReporter -->
<testsuite skipped="0" hostname="DESKTOP-V9DRMMS" name="demoTestNG.AlertPopUpCases" tests="1" failures="0" timestamp="21 Jul 2022 16:18:57 GMT" time="6.438" errors="0">
  <testcase name="testAlertPopups" time="6.438" classname="demoTestNG.AlertPopUpCases"/>
</testsuite> <!-- demoTestNG.AlertPopUpCases -->
